mode: set
./client.go:68.81,72.19 2 1
./client.go:75.2,75.20 1 1
./client.go:79.2,79.20 1 1
./client.go:85.2,97.16 10 1
./client.go:104.2,110.25 3 1
./client.go:127.2,129.16 3 1
./client.go:133.2,134.28 2 1
./client.go:138.2,138.28 1 1
./client.go:144.2,144.21 1 1
./client.go:72.19,74.3 1 1
./client.go:75.20,77.3 1 1
./client.go:79.20,81.3 1 1
./client.go:97.16,98.54 1 1
./client.go:101.3,101.50 1 1
./client.go:98.54,100.4 1 1
./client.go:111.31,112.44 1 1
./client.go:113.38,114.53 1 1
./client.go:115.29,118.17 3 1
./client.go:121.3,121.42 1 1
./client.go:124.3,124.73 1 1
./client.go:118.17,120.4 1 1
./client.go:121.42,123.4 1 1
./client.go:129.16,131.3 1 1
./client.go:134.28,136.3 1 1
./client.go:138.28,140.3 1 1
./client.go:140.3,142.3 1 1
./main.go:3.13,5.2 1 0
./server.go:31.60,36.16 4 1
./server.go:40.2,41.16 2 1
./server.go:45.2,47.84 3 1
./server.go:52.2,53.16 2 1
./server.go:56.2,56.20 1 1
./server.go:36.16,38.3 1 0
./server.go:41.16,43.3 1 0
./server.go:47.84,50.3 2 1
./server.go:53.16,55.3 1 0
./server.go:59.25,62.16 2 1
./server.go:67.2,74.6 6 1
./server.go:127.2,127.15 1 1
./server.go:62.16,64.13 2 0
./server.go:74.6,77.44 2 1
./server.go:83.3,83.17 1 1
./server.go:87.3,87.28 1 1
./server.go:77.44,79.9 2 0
./server.go:80.4,80.32 1 1
./server.go:80.32,81.9 1 1
./server.go:83.17,85.4 1 0
./server.go:88.25,89.26 1 1
./server.go:120.23,121.31 1 1
./server.go:90.15,91.66 1 1
./server.go:94.16,95.67 1 1
./server.go:98.23,99.68 1 1
./server.go:102.22,103.67 1 1
./server.go:106.18,107.69 1 1
./server.go:110.19,111.70 1 1
./server.go:114.16,117.19 3 1
./server.go:91.66,93.7 1 0
./server.go:95.67,97.7 1 0
./server.go:99.68,101.7 1 0
./server.go:103.67,105.7 1 0
./server.go:107.69,109.7 1 0
./server.go:111.70,113.7 1 0
./server.go:121.31,124.5 2 1
./server.go:130.59,136.29 4 1
./server.go:140.2,140.35 1 1
./server.go:154.2,154.28 1 1
./server.go:175.2,175.19 1 1
./server.go:136.29,138.3 1 1
./server.go:140.35,141.40 1 1
./server.go:141.40,142.17 1 1
./server.go:150.4,150.15 1 0
./server.go:143.14,144.59 1 1
./server.go:145.16,146.76 1 1
./server.go:147.15,148.61 1 1
./server.go:154.28,157.25 2 1
./server.go:163.3,163.17 1 1
./server.go:157.25,158.69 1 1
./server.go:158.69,160.5 1 1
./server.go:163.17,166.31 2 1
./server.go:170.4,170.44 1 1
./server.go:166.31,168.5 1 1
./server.go:170.44,171.10 1 1
./server.go:179.59,181.55 1 1
./server.go:181.55,185.3 1 1
./server.go:185.3,190.17 3 1
./server.go:203.3,203.26 1 1
./server.go:190.17,196.4 4 1
./server.go:196.4,201.4 3 1
./server.go:208.64,210.2 1 1
./server.go:212.74,214.2 1 1
./server.go:216.64,219.2 2 1
./server.go:221.69,224.2 2 1
./server.go:226.66,228.2 1 1
./server.go:230.65,233.2 2 1
./server.go:235.77,257.16 7 1
./server.go:262.2,262.8 1 1
./server.go:257.16,259.3 1 1
./server.go:259.3,261.3 1 0
./server.go:265.64,267.2 1 1
